\BOOKMARK [1][-]{section.1}{\376\377\000I\000n\000t\000r\000o\000d\000u\000c\000t\000i\000o\000n}{}% 1
\BOOKMARK [1][-]{section.2}{\376\377\000B\000a\000c\000k\000g\000r\000o\000u\000n\000d}{}% 2
\BOOKMARK [2][-]{subsection.2.1}{\376\377\000L\000a\000r\000g\000e\000\040\000L\000a\000n\000g\000u\000a\000g\000e\000\040\000M\000o\000d\000e\000l\000s\000\040\000\050\000L\000L\000M\000s\000\051}{section.2}% 3
\BOOKMARK [3][-]{subsubsection.2.1.1}{\376\377\000N\000e\000u\000r\000a\000l\000\040\000N\000e\000t\000w\000o\000r\000k\000s\000\040\000\050\000N\000N\000s\000\051}{subsection.2.1}% 4
\BOOKMARK [3][-]{subsubsection.2.1.2}{\376\377\000G\000e\000n\000e\000r\000a\000t\000i\000v\000e\000\040\000P\000r\000e\000-\000t\000r\000a\000i\000n\000e\000d\000\040\000T\000r\000a\000n\000s\000f\000o\000r\000m\000e\000r\000s\000\040\000\050\000G\000P\000T\000s\000\051\000,\000\040\000T\000o\000k\000e\000n\000s\000\040\000a\000n\000d\000\040\000E\000m\000b\000e\000d\000d\000i\000n\000g\000s}{subsection.2.1}% 5
\BOOKMARK [3][-]{subsubsection.2.1.3}{\376\377\000T\000r\000a\000n\000s\000f\000o\000r\000m\000e\000r\000s\000\040\000A\000r\000c\000h\000i\000t\000e\000c\000t\000u\000r\000e}{subsection.2.1}% 6
\BOOKMARK [3][-]{subsubsection.2.1.4}{\376\377\000R\000e\000i\000n\000f\000o\000r\000c\000e\000\040\000L\000e\000a\000r\000n\000i\000n\000g\000\040\000f\000r\000o\000m\000\040\000H\000u\000m\000a\000n\000\040\000F\000e\000e\000d\000b\000a\000c\000k\000\040\000\050\000R\000L\000H\000F\000\051}{subsection.2.1}% 7
\BOOKMARK [2][-]{subsection.2.2}{\376\377\000A\000r\000t\000i\000f\000i\000c\000i\000a\000l\000\040\000G\000e\000n\000e\000r\000a\000l\000\040\000I\000n\000t\000e\000l\000l\000i\000g\000e\000n\000c\000e\000\040\000\050\000A\000G\000I\000\051\000,\000\040\000A\000g\000e\000n\000t\000i\000c\000\040\000A\000I\000\040\000a\000n\000d\000\040\000A\000I\000\040\000m\000a\000i\000n\000\040\000g\000o\000a\000l\000s}{section.2}% 8
\BOOKMARK [2][-]{subsection.2.3}{\376\377\000A\000g\000e\000n\000t\000i\000c\000\040\000B\000e\000n\000c\000h\000m\000a\000r\000k\000s}{section.2}% 9
\BOOKMARK [2][-]{subsection.2.4}{\376\377\000C\000h\000a\000t\000G\000P\000T}{section.2}% 10
\BOOKMARK [2][-]{subsection.2.5}{\376\377\000G\000e\000m\000i\000n\000i}{section.2}% 11
\BOOKMARK [2][-]{subsection.2.6}{\376\377\000G\000e\000m\000m\000a}{section.2}% 12
\BOOKMARK [2][-]{subsection.2.7}{\376\377\000L\000l\000a\000m\000a}{section.2}% 13
\BOOKMARK [2][-]{subsection.2.8}{\376\377\000N\000a\000t\000i\000o\000n\000a\000l\000\040\000I\000n\000s\000t\000i\000t\000u\000t\000e\000\040\000o\000f\000\040\000S\000t\000a\000n\000d\000a\000r\000d\000\040\000a\000n\000d\000\040\000T\000e\000c\000h\000n\000o\000l\000o\000g\000y\000\040\000\050\000N\000I\000S\000T\000\051\000\040\000A\000I\000\040\000r\000i\000s\000k\000\040\000m\000a\000n\000a\000g\000e\000m\000e\000n\000t\000\040\000f\000r\000a\000m\000e\000w\000o\000r\000k}{section.2}% 14
\BOOKMARK [1][-]{section.3}{\376\377\000M\000e\000t\000h\000o\000d\000o\000l\000o\000g\000y}{}% 15
\BOOKMARK [2][-]{subsection.3.1}{\376\377\000G\000A\000I\000\040\000G\000o\000a\000l\000s}{section.3}% 16
\BOOKMARK [2][-]{subsection.3.2}{\376\377\000P\000r\000o\000m\000p\000t\000\040\000E\000n\000g\000i\000n\000e\000e\000r\000i\000n\000g\000\040\000S\000t\000r\000a\000t\000e\000g\000i\000e\000s}{section.3}% 17
\BOOKMARK [3][-]{subsubsection.3.2.1}{\376\377\000C\000h\000a\000i\000n\000\040\000o\000f\000\040\000T\000h\000o\000u\000g\000h\000t\000\040\000\050\000C\000o\000T\000\051}{subsection.3.2}% 18
\BOOKMARK [3][-]{subsubsection.3.2.2}{\376\377\000P\000r\000o\000g\000r\000a\000m\000m\000i\000n\000g\000\040\000o\000f\000\040\000T\000h\000o\000u\000g\000h\000t\000\040\000\050\000P\000o\000T\000\051}{subsection.3.2}% 19
\BOOKMARK [2][-]{subsection.3.3}{\376\377\000E\000x\000p\000e\000r\000i\000m\000e\000n\000t\000a\000l\000\040\000D\000e\000s\000i\000g\000n}{section.3}% 20
\BOOKMARK [1][-]{section.4}{\376\377\000R\000e\000s\000u\000l\000t\000s}{}% 21
\BOOKMARK [2][-]{subsection.4.1}{\376\377\000R\000e\000a\000s\000o\000n\000i\000n\000g}{section.4}% 22
\BOOKMARK [3][-]{subsubsection.4.1.1}{\376\377\000M\000a\000t\000h\000e\000m\000a\000t\000i\000c\000a\000l\000\040\000R\000e\000a\000s\000o\000n\000i\000n\000g}{subsection.4.1}% 23
\BOOKMARK [3][-]{subsubsection.4.1.2}{\376\377\000C\000o\000m\000m\000o\000n\000\040\000M\000a\000t\000h\000\040\000P\000r\000o\000b\000l\000e\000m\000s}{subsection.4.1}% 24
\BOOKMARK [3][-]{subsubsection.4.1.3}{\376\377\000S\000u\000d\000o\000k\000u}{subsection.4.1}% 25
\BOOKMARK [2][-]{subsection.4.2}{\376\377\000F\000a\000c\000t\000u\000a\000l\000i\000t\000y}{section.4}% 26
\BOOKMARK [3][-]{subsubsection.4.2.1}{\376\377\000F\000a\000c\000t\000u\000a\000l\000\040\000P\000i\000t\000f\000a\000l\000l\000s}{subsection.4.2}% 27
\BOOKMARK [3][-]{subsubsection.4.2.2}{\376\377\000R\000u\000s\000s\000e\000l\000â\000€\000™\000s\000\040\000t\000h\000e\000o\000r\000y\000\040\000o\000f\000\040\000d\000e\000s\000c\000r\000i\000p\000t\000i\000o\000n\000s}{subsection.4.2}% 28
\BOOKMARK [2][-]{subsection.4.3}{\376\377\000S\000e\000q\000u\000e\000n\000t\000i\000a\000l\000\040\000P\000r\000o\000b\000l\000e\000m\000\040\000S\000o\000l\000v\000i\000n\000g}{section.4}% 29
\BOOKMARK [3][-]{subsubsection.4.3.1}{\376\377\000W\000o\000l\000f\000,\000\040\000G\000o\000a\000t\000\040\000a\000n\000d\000\040\000C\000a\000b\000b\000a\000g\000e}{subsection.4.3}% 30
\BOOKMARK [3][-]{subsubsection.4.3.2}{\376\377\000B\000l\000o\000c\000k\000s\000\040\000W\000o\000r\000l\000d}{subsection.4.3}% 31
\BOOKMARK [3][-]{subsubsection.4.3.3}{\376\377\000H\000a\000n\000o\000i\000\040\000T\000o\000w\000e\000r}{subsection.4.3}% 32
\BOOKMARK [3][-]{subsubsection.4.3.4}{\376\377\000O\000r\000d\000e\000r\000e\000d\000\040\000S\000t\000a\000c\000k}{subsection.4.3}% 33
\BOOKMARK [2][-]{subsection.4.4}{\376\377\000B\000e\000n\000c\000h\000m\000a\000r\000k}{section.4}% 34
\BOOKMARK [1][-]{section.5}{\376\377\000C\000o\000n\000c\000l\000u\000s\000i\000o\000n\000s}{}% 35
